This is pdfTeX, Version 3.141592653-2.6-1.40.26 (MiKTeX 24.4) (preloaded format=pdflatex 2024.11.7)  8 DEC 2024 19:09
entering extended mode
 restricted \write18 enabled.
 file:line:error style messages enabled.
 %&-line parsing enabled.
**"c:/Users/Alvin/Desktop/GitLab/TEAM2024.09/team2024.09/docs/Interim Report/LaTex/main.tex"
(c:/Users/Alvin/Desktop/GitLab/TEAM2024.09/team2024.09/docs/Interim Report/LaTex/main.tex
LaTeX2e <2024-11-01>
L3 programming layer <2024-10-09>
(C:\Users\Alvin\AppData\Local\Programs\MiKTeX\tex/latex/base\report.cls
Document Class: report 2024/06/29 v1.4n Standard LaTeX document class
(C:\Users\Alvin\AppData\Local\Programs\MiKTeX\tex/latex/base\size12.clo
File: size12.clo 2024/06/29 v1.4n Standard LaTeX file (size option)
)
\c@part=\count196
\c@chapter=\count197
\c@section=\count198
\c@subsection=\count199
\c@subsubsection=\count266
\c@paragraph=\count267
\c@subparagraph=\count268
\c@figure=\count269
\c@table=\count270
\abovecaptionskip=\skip49
\belowcaptionskip=\skip50
\bibindent=\dimen141
) (C:\Users\Alvin\AppData\Local\Programs\MiKTeX\tex/latex/graphics\graphicx.sty
Package: graphicx 2021/09/16 v1.2d Enhanced LaTeX Graphics (DPC,SPQR)
 (C:\Users\Alvin\AppData\Local\Programs\MiKTeX\tex/latex/graphics\keyval.sty
Package: keyval 2022/05/29 v1.15 key=value parser (DPC)
\KV@toks@=\toks17
) (C:\Users\Alvin\AppData\Local\Programs\MiKTeX\tex/latex/graphics\graphics.sty
Package: graphics 2024/08/06 v1.4g Standard LaTeX Graphics (DPC,SPQR)
 (C:\Users\Alvin\AppData\Local\Programs\MiKTeX\tex/latex/graphics\trig.sty
Package: trig 2023/12/02 v1.11 sin cos tan (DPC)
) (C:\Users\Alvin\AppData\Local\Programs\MiKTeX\tex/latex/graphics-cfg\graphics.cfg
File: graphics.cfg 2016/06/04 v1.11 sample graphics configuration
)
Package graphics Info: Driver file: pdftex.def on input line 106.
 (C:\Users\Alvin\AppData\Local\Programs\MiKTeX\tex/latex/graphics-def\pdftex.def
File: pdftex.def 2024/04/13 v1.2c Graphics/color driver for pdftex
))
\Gin@req@height=\dimen142
\Gin@req@width=\dimen143
) (C:\Users\Alvin\AppData\Local\Programs\MiKTeX\tex/latex/geometry\geometry.sty
Package: geometry 2020/01/02 v5.9 Page Geometry
 (C:\Users\Alvin\AppData\Local\Programs\MiKTeX\tex/generic/iftex\ifvtex.sty
Package: ifvtex 2019/10/25 v1.7 ifvtex legacy package. Use iftex instead.
 (C:\Users\Alvin\AppData\Local\Programs\MiKTeX\tex/generic/iftex\iftex.sty
Package: iftex 2022/02/03 v1.0f TeX engine tests
))
\Gm@cnth=\count271
\Gm@cntv=\count272
\c@Gm@tempcnt=\count273
\Gm@bindingoffset=\dimen144
\Gm@wd@mp=\dimen145
\Gm@odd@mp=\dimen146
\Gm@even@mp=\dimen147
\Gm@layoutwidth=\dimen148
\Gm@layoutheight=\dimen149
\Gm@layouthoffset=\dimen150
\Gm@layoutvoffset=\dimen151
\Gm@dimlist=\toks18
 (C:\Users\Alvin\AppData\Local\Programs\MiKTeX\tex/latex/geometry\geometry.cfg)) (C:\Users\Alvin\AppData\Local\Programs\MiKTeX\tex/latex/appendix\appendix.sty
Package: appendix 2020/02/08 v1.2c extra appendix facilities
\c@@pps=\count274
\c@@ppsavesec=\count275
\c@@ppsaveapp=\count276
) (C:\Users\Alvin\AppData\Local\Programs\MiKTeX\tex/latex/hyperref\hyperref.sty
Package: hyperref 2024-10-30 v7.01k Hypertext links for LaTeX
 (C:\Users\Alvin\AppData\Local\Programs\MiKTeX\tex/latex/kvsetkeys\kvsetkeys.sty
Package: kvsetkeys 2022-10-05 v1.19 Key value parser (HO)
) (C:\Users\Alvin\AppData\Local\Programs\MiKTeX\tex/generic/kvdefinekeys\kvdefinekeys.sty
Package: kvdefinekeys 2019-12-19 v1.6 Define keys (HO)
) (C:\Users\Alvin\AppData\Local\Programs\MiKTeX\tex/generic/pdfescape\pdfescape.sty
Package: pdfescape 2019/12/09 v1.15 Implements pdfTeX's escape features (HO)
 (C:\Users\Alvin\AppData\Local\Programs\MiKTeX\tex/generic/ltxcmds\ltxcmds.sty
Package: ltxcmds 2023-12-04 v1.26 LaTeX kernel commands for general use (HO)
) (C:\Users\Alvin\AppData\Local\Programs\MiKTeX\tex/generic/pdftexcmds\pdftexcmds.sty
Package: pdftexcmds 2020-06-27 v0.33 Utility functions of pdfTeX for LuaTeX (HO)
 (C:\Users\Alvin\AppData\Local\Programs\MiKTeX\tex/generic/infwarerr\infwarerr.sty
Package: infwarerr 2019/12/03 v1.5 Providing info/warning/error messages (HO)
)
Package pdftexcmds Info: \pdf@primitive is available.
Package pdftexcmds Info: \pdf@ifprimitive is available.
Package pdftexcmds Info: \pdfdraftmode found.
)) (C:\Users\Alvin\AppData\Local\Programs\MiKTeX\tex/latex/hycolor\hycolor.sty
Package: hycolor 2020-01-27 v1.10 Color options for hyperref/bookmark (HO)
) (C:\Users\Alvin\AppData\Local\Programs\MiKTeX\tex/latex/hyperref\nameref.sty
Package: nameref 2023-11-26 v2.56 Cross-referencing by name of section
 (C:\Users\Alvin\AppData\Local\Programs\MiKTeX\tex/latex/refcount\refcount.sty
Package: refcount 2019/12/15 v3.6 Data extraction from label references (HO)
) (C:\Users\Alvin\AppData\Local\Programs\MiKTeX\tex/generic/gettitlestring\gettitlestring.sty
Package: gettitlestring 2019/12/15 v1.6 Cleanup title references (HO)
 (C:\Users\Alvin\AppData\Local\Programs\MiKTeX\tex/latex/kvoptions\kvoptions.sty
Package: kvoptions 2022-06-15 v3.15 Key value format for package options (HO)
))
\c@section@level=\count277
) (C:\Users\Alvin\AppData\Local\Programs\MiKTeX\tex/latex/etoolbox\etoolbox.sty
Package: etoolbox 2020/10/05 v2.5k e-TeX tools for LaTeX (JAW)
\etb@tempcnta=\count278
) (C:\Users\Alvin\AppData\Local\Programs\MiKTeX\tex/generic/stringenc\stringenc.sty
Package: stringenc 2019/11/29 v1.12 Convert strings between diff. encodings (HO)
)
\@linkdim=\dimen152
\Hy@linkcounter=\count279
\Hy@pagecounter=\count280
 (C:\Users\Alvin\AppData\Local\Programs\MiKTeX\tex/latex/hyperref\pd1enc.def
File: pd1enc.def 2024-10-30 v7.01k Hyperref: PDFDocEncoding definition (HO)
Now handling font encoding PD1 ...
... no UTF-8 mapping file for font encoding PD1
) (C:\Users\Alvin\AppData\Local\Programs\MiKTeX\tex/generic/intcalc\intcalc.sty
Package: intcalc 2019/12/15 v1.3 Expandable calculations with integers (HO)
)
\Hy@SavedSpaceFactor=\count281
 (C:\Users\Alvin\AppData\Local\Programs\MiKTeX\tex/latex/hyperref\puenc.def
File: puenc.def 2024-10-30 v7.01k Hyperref: PDF Unicode definition (HO)
Now handling font encoding PU ...
... no UTF-8 mapping file for font encoding PU
)
Package hyperref Info: Hyper figures OFF on input line 4157.
Package hyperref Info: Link nesting OFF on input line 4162.
Package hyperref Info: Hyper index ON on input line 4165.
Package hyperref Info: Plain pages OFF on input line 4172.
Package hyperref Info: Backreferencing OFF on input line 4177.
Package hyperref Info: Implicit mode ON; LaTeX internals redefined.
Package hyperref Info: Bookmarks ON on input line 4424.
\c@Hy@tempcnt=\count282
 (C:\Users\Alvin\AppData\Local\Programs\MiKTeX\tex/latex/url\url.sty
\Urlmuskip=\muskip17
Package: url 2013/09/16  ver 3.4  Verb mode for urls, etc.
)
LaTeX Info: Redefining \url on input line 4763.
\XeTeXLinkMargin=\dimen153
 (C:\Users\Alvin\AppData\Local\Programs\MiKTeX\tex/generic/bitset\bitset.sty
Package: bitset 2019/12/09 v1.3 Handle bit-vector datatype (HO)
 (C:\Users\Alvin\AppData\Local\Programs\MiKTeX\tex/generic/bigintcalc\bigintcalc.sty
Package: bigintcalc 2019/12/15 v1.5 Expandable calculations on big integers (HO)
))
\Fld@menulength=\count283
\Field@Width=\dimen154
\Fld@charsize=\dimen155
Package hyperref Info: Hyper figures OFF on input line 6042.
Package hyperref Info: Link nesting OFF on input line 6047.
Package hyperref Info: Hyper index ON on input line 6050.
Package hyperref Info: backreferencing OFF on input line 6057.
Package hyperref Info: Link coloring OFF on input line 6062.
Package hyperref Info: Link coloring with OCG OFF on input line 6067.
Package hyperref Info: PDF/A mode OFF on input line 6072.
 (C:\Users\Alvin\AppData\Local\Programs\MiKTeX\tex/latex/base\atbegshi-ltx.sty
Package: atbegshi-ltx 2021/01/10 v1.0c Emulation of the original atbegshi
package with kernel methods
)
\Hy@abspage=\count284
\c@Item=\count285
\c@Hfootnote=\count286
)
Package hyperref Info: Driver (autodetected): hpdftex.
 (C:\Users\Alvin\AppData\Local\Programs\MiKTeX\tex/latex/hyperref\hpdftex.def
File: hpdftex.def 2024-10-30 v7.01k Hyperref driver for pdfTeX
 (C:\Users\Alvin\AppData\Local\Programs\MiKTeX\tex/latex/base\atveryend-ltx.sty
Package: atveryend-ltx 2020/08/19 v1.0a Emulation of the original atveryend package
with kernel methods
)
\Fld@listcount=\count287
\c@bookmark@seq@number=\count288
 (C:\Users\Alvin\AppData\Local\Programs\MiKTeX\tex/latex/rerunfilecheck\rerunfilecheck.sty
Package: rerunfilecheck 2022-07-10 v1.10 Rerun checks for auxiliary files (HO)
 (C:\Users\Alvin\AppData\Local\Programs\MiKTeX\tex/generic/uniquecounter\uniquecounter.sty
Package: uniquecounter 2019/12/15 v1.4 Provide unlimited unique counter (HO)
)
Package uniquecounter Info: New unique counter `rerunfilecheck' on input line 285.
)
\Hy@SectionHShift=\skip51
) (C:\Users\Alvin\AppData\Local\Programs\MiKTeX\tex/latex/float\float.sty
Package: float 2001/11/08 v1.3d Float enhancements (AL)
\c@float@type=\count289
\float@exts=\toks19
\float@box=\box52
\@float@everytoks=\toks20
\@floatcapt=\box53
) (C:\Users\Alvin\AppData\Local\Programs\MiKTeX\tex/latex/cjk\CJKutf8.sty
Package: CJKutf8 2021/10/16 4.8.5
 (C:\Users\Alvin\AppData\Local\Programs\MiKTeX\tex/generic/iftex\ifpdf.sty
Package: ifpdf 2019/10/25 v3.4 ifpdf legacy package. Use iftex instead.
) (C:\Users\Alvin\AppData\Local\Programs\MiKTeX\tex/latex/base\inputenc.sty
Package: inputenc 2024/02/08 v1.3d Input encoding file
\inpenc@prehook=\toks21
\inpenc@posthook=\toks22
) (C:\Users\Alvin\AppData\Local\Programs\MiKTeX\tex/latex/cjk\CJK.sty
Package: CJK 2021/10/16 4.8.5
 (C:\Users\Alvin\AppData\Local\Programs\MiKTeX\tex/latex/cjk/mule\MULEenc.sty
Package: MULEenc 2021/10/16 4.8.5
) (C:\Users\Alvin\AppData\Local\Programs\MiKTeX\tex/latex/cjk\CJK.enc
File: CJK.enc 2021/10/16 4.8.5
Now handling font encoding C00 ...
... no UTF-8 mapping file for font encoding C00
Now handling font encoding C05 ...
... no UTF-8 mapping file for font encoding C05
Now handling font encoding C09 ...
... no UTF-8 mapping file for font encoding C09
Now handling font encoding C10 ...
... no UTF-8 mapping file for font encoding C10
Now handling font encoding C20 ...
... no UTF-8 mapping file for font encoding C20
Now handling font encoding C19 ...
... no UTF-8 mapping file for font encoding C19
Now handling font encoding C40 ...
... no UTF-8 mapping file for font encoding C40
Now handling font encoding C42 ...
... no UTF-8 mapping file for font encoding C42
Now handling font encoding C43 ...
... no UTF-8 mapping file for font encoding C43
Now handling font encoding C50 ...
... no UTF-8 mapping file for font encoding C50
Now handling font encoding C52 ...
... no UTF-8 mapping file for font encoding C52
Now handling font encoding C49 ...
... no UTF-8 mapping file for font encoding C49
Now handling font encoding C60 ...
... no UTF-8 mapping file for font encoding C60
Now handling font encoding C61 ...
... no UTF-8 mapping file for font encoding C61
Now handling font encoding C63 ...
... no UTF-8 mapping file for font encoding C63
Now handling font encoding C64 ...
... no UTF-8 mapping file for font encoding C64
Now handling font encoding C65 ...
... no UTF-8 mapping file for font encoding C65
Now handling font encoding C70 ...
... no UTF-8 mapping file for font encoding C70
Now handling font encoding C31 ...
... no UTF-8 mapping file for font encoding C31
Now handling font encoding C32 ...
... no UTF-8 mapping file for font encoding C32
Now handling font encoding C33 ...
... no UTF-8 mapping file for font encoding C33
Now handling font encoding C34 ...
... no UTF-8 mapping file for font encoding C34
Now handling font encoding C35 ...
... no UTF-8 mapping file for font encoding C35
Now handling font encoding C36 ...
... no UTF-8 mapping file for font encoding C36
Now handling font encoding C37 ...
... no UTF-8 mapping file for font encoding C37
Now handling font encoding C80 ...
... no UTF-8 mapping file for font encoding C80
Now handling font encoding C81 ...
... no UTF-8 mapping file for font encoding C81
Now handling font encoding C01 ...
... no UTF-8 mapping file for font encoding C01
Now handling font encoding C11 ...
... no UTF-8 mapping file for font encoding C11
Now handling font encoding C21 ...
... no UTF-8 mapping file for font encoding C21
Now handling font encoding C41 ...
... no UTF-8 mapping file for font encoding C41
Now handling font encoding C62 ...
... no UTF-8 mapping file for font encoding C62
)
\CJK@indent=\box54
) (C:\Users\Alvin\AppData\Local\Programs\MiKTeX\tex/latex/base\fontenc.sty
Package: fontenc 2021/04/29 v2.0v Standard LaTeX package
)) (C:\Users\Alvin\AppData\Local\Programs\MiKTeX\tex/latex/natbib\natbib.sty
Package: natbib 2010/09/13 8.31b (PWD, AO)
\bibhang=\skip52
\bibsep=\skip53
LaTeX Info: Redefining \cite on input line 694.
\c@NAT@ctr=\count290
) (C:\Users\Alvin\AppData\Local\Programs\MiKTeX\tex/latex/tools\indentfirst.sty
Package: indentfirst 2023/07/02 v1.03 Indent first paragraph (DPC)
) (C:\Users\Alvin\AppData\Local\Programs\MiKTeX\tex/latex/amsmath\amsmath.sty
Package: amsmath 2024/10/30 v2.17s AMS math features
\@mathmargin=\skip54

For additional information on amsmath, use the `?' option.
(C:\Users\Alvin\AppData\Local\Programs\MiKTeX\tex/latex/amsmath\amstext.sty
Package: amstext 2021/08/26 v2.01 AMS text
 (C:\Users\Alvin\AppData\Local\Programs\MiKTeX\tex/latex/amsmath\amsgen.sty
File: amsgen.sty 1999/11/30 v2.0 generic functions
\@emptytoks=\toks23
\ex@=\dimen156
)) (C:\Users\Alvin\AppData\Local\Programs\MiKTeX\tex/latex/amsmath\amsbsy.sty
Package: amsbsy 1999/11/29 v1.2d Bold Symbols
\pmbraise@=\dimen157
) (C:\Users\Alvin\AppData\Local\Programs\MiKTeX\tex/latex/amsmath\amsopn.sty
Package: amsopn 2022/04/08 v2.04 operator names
)
\inf@bad=\count291
LaTeX Info: Redefining \frac on input line 233.
\uproot@=\count292
\leftroot@=\count293
LaTeX Info: Redefining \overline on input line 398.
LaTeX Info: Redefining \colon on input line 409.
\classnum@=\count294
\DOTSCASE@=\count295
LaTeX Info: Redefining \ldots on input line 502.
LaTeX Info: Redefining \dots on input line 505.
LaTeX Info: Redefining \cdots on input line 638.
\Mathstrutbox@=\box55
\strutbox@=\box56
LaTeX Info: Redefining \big on input line 740.
LaTeX Info: Redefining \Big on input line 741.
LaTeX Info: Redefining \bigg on input line 742.
LaTeX Info: Redefining \Bigg on input line 743.
\big@size=\dimen158
LaTeX Font Info:    Redeclaring font encoding OML on input line 761.
LaTeX Font Info:    Redeclaring font encoding OMS on input line 762.
\macc@depth=\count296
LaTeX Info: Redefining \bmod on input line 923.
LaTeX Info: Redefining \pmod on input line 928.
LaTeX Info: Redefining \smash on input line 958.
LaTeX Info: Redefining \relbar on input line 988.
LaTeX Info: Redefining \Relbar on input line 989.
\c@MaxMatrixCols=\count297
\dotsspace@=\muskip18
\c@parentequation=\count298
\dspbrk@lvl=\count299
\tag@help=\toks24
\row@=\count300
\column@=\count301
\maxfields@=\count302
\andhelp@=\toks25
\eqnshift@=\dimen159
\alignsep@=\dimen160
\tagshift@=\dimen161
\tagwidth@=\dimen162
\totwidth@=\dimen163
\lineht@=\dimen164
\@envbody=\toks26
\multlinegap=\skip55
\multlinetaggap=\skip56
\mathdisplay@stack=\toks27
LaTeX Info: Redefining \[ on input line 2972.
LaTeX Info: Redefining \] on input line 2973.
) (C:\Users\Alvin\AppData\Local\Programs\MiKTeX\tex/latex/svg\svg.sty
Package: svg 2020/11/26 v2.02k (include SVG pictures)
 (C:\Users\Alvin\AppData\Local\Programs\MiKTeX\tex/latex/koma-script\scrbase.sty
Package: scrbase 2024/10/24 v3.43 KOMA-Script package (KOMA-Script-independent basics and keyval usage)
 (C:\Users\Alvin\AppData\Local\Programs\MiKTeX\tex/latex/koma-script\scrlfile.sty
Package: scrlfile 2024/10/24 v3.43 KOMA-Script package (file load hooks)
 (C:\Users\Alvin\AppData\Local\Programs\MiKTeX\tex/latex/koma-script\scrlfile-hook.sty
Package: scrlfile-hook 2024/10/24 v3.43 KOMA-Script package (using LaTeX hooks)
 (C:\Users\Alvin\AppData\Local\Programs\MiKTeX\tex/latex/koma-script\scrlogo.sty
Package: scrlogo 2024/10/24 v3.43 KOMA-Script package (logo)
)))
Applying: [2021/05/01] Usage of raw or classic option list on input line 254.
Already applied: [0000/00/00] Usage of raw or classic option list on input line 370.
) (C:\Users\Alvin\AppData\Local\Programs\MiKTeX\tex/latex/trimspaces\trimspaces.sty
Package: trimspaces 2009/09/17 v1.1 Trim spaces around a token list
) (C:\Users\Alvin\AppData\Local\Programs\MiKTeX\tex/latex/tools\shellesc.sty
Package: shellesc 2023/07/08 v1.0d unified shell escape interface for LaTeX
Package shellesc Info: Restricted shell escape enabled on input line 77.
)
\c@svg@param@lastpage=\count303
\svg@box=\box57
\c@svg@param@currpage=\count304
) (C:\Users\Alvin\AppData\Local\Programs\MiKTeX\tex/latex/xcolor\xcolor.sty
Package: xcolor 2024/09/29 v3.02 LaTeX color extensions (UK)
 (C:\Users\Alvin\AppData\Local\Programs\MiKTeX\tex/latex/graphics-cfg\color.cfg
File: color.cfg 2016/01/02 v1.6 sample color configuration
)
Package xcolor Info: Driver file: pdftex.def on input line 274.
 (C:\Users\Alvin\AppData\Local\Programs\MiKTeX\tex/latex/graphics\mathcolor.ltx)
Package xcolor Info: Model `cmy' substituted by `cmy0' on input line 1349.
Package xcolor Info: Model `hsb' substituted by `rgb' on input line 1353.
Package xcolor Info: Model `RGB' extended on input line 1365.
Package xcolor Info: Model `HTML' substituted by `rgb' on input line 1367.
Package xcolor Info: Model `Hsb' substituted by `hsb' on input line 1368.
Package xcolor Info: Model `tHsb' substituted by `hsb' on input line 1369.
Package xcolor Info: Model `HSB' substituted by `hsb' on input line 1370.
Package xcolor Info: Model `Gray' substituted by `gray' on input line 1371.
Package xcolor Info: Model `wave' substituted by `hsb' on input line 1372.
) (C:\Users\Alvin\AppData\Local\Programs\MiKTeX\tex/latex/transparent\transparent.sty
Package: transparent 2022-10-27 v1.5 Transparency with color stacks
 (C:\Users\Alvin\AppData\Local\Programs\MiKTeX\tex/latex/transparent\transparent-nometadata.sty
Package: transparent-nometadata 2022-10-27 v1.5 Transparency via pdfTeX's color stack (HO)
 (C:\Users\Alvin\AppData\Local\Programs\MiKTeX\tex/latex/auxhook\auxhook.sty
Package: auxhook 2019-12-17 v1.6 Hooks for auxiliary files (HO)
))) (C:\Users\Alvin\AppData\Local\Programs\MiKTeX\tex/latex/pgf/systemlayer\pgfsys.sty (C:\Users\Alvin\AppData\Local\Programs\MiKTeX\tex/latex/pgf/utilities\pgfrcs.sty (C:\Users\Alvin\AppData\Local\Programs\MiKTeX\tex/generic/pgf/utilities\pgfutil-common.tex
\pgfutil@everybye=\toks28
\pgfutil@tempdima=\dimen165
\pgfutil@tempdimb=\dimen166
) (C:\Users\Alvin\AppData\Local\Programs\MiKTeX\tex/generic/pgf/utilities\pgfutil-latex.def
\pgfutil@abb=\box58
) (C:\Users\Alvin\AppData\Local\Programs\MiKTeX\tex/generic/pgf/utilities\pgfrcs.code.tex (C:\Users\Alvin\AppData\Local\Programs\MiKTeX\tex/generic/pgf\pgf.revision.tex)
Package: pgfrcs 2023-01-15 v3.1.10 (3.1.10)
)) (C:\Users\Alvin\AppData\Local\Programs\MiKTeX\tex/generic/pgf/systemlayer\pgfsys.code.tex
Package: pgfsys 2023-01-15 v3.1.10 (3.1.10)
 (C:\Users\Alvin\AppData\Local\Programs\MiKTeX\tex/generic/pgf/utilities\pgfkeys.code.tex
\pgfkeys@pathtoks=\toks29
\pgfkeys@temptoks=\toks30
 (C:\Users\Alvin\AppData\Local\Programs\MiKTeX\tex/generic/pgf/utilities\pgfkeyslibraryfiltered.code.tex
\pgfkeys@tmptoks=\toks31
))
\pgf@x=\dimen167
\pgf@y=\dimen168
\pgf@xa=\dimen169
\pgf@ya=\dimen170
\pgf@xb=\dimen171
\pgf@yb=\dimen172
\pgf@xc=\dimen173
\pgf@yc=\dimen174
\pgf@xd=\dimen175
\pgf@yd=\dimen176
\w@pgf@writea=\write3
\r@pgf@reada=\read2
\c@pgf@counta=\count305
\c@pgf@countb=\count306
\c@pgf@countc=\count307
\c@pgf@countd=\count308
\t@pgf@toka=\toks32
\t@pgf@tokb=\toks33
\t@pgf@tokc=\toks34
\pgf@sys@id@count=\count309
 (C:\Users\Alvin\AppData\Local\Programs\MiKTeX\tex/generic/pgf/systemlayer\pgf.cfg
File: pgf.cfg 2023-01-15 v3.1.10 (3.1.10)
)
Driver file for pgf: pgfsys-pdftex.def
 (C:\Users\Alvin\AppData\Local\Programs\MiKTeX\tex/generic/pgf/systemlayer\pgfsys-pdftex.def
File: pgfsys-pdftex.def 2023-01-15 v3.1.10 (3.1.10)
 (C:\Users\Alvin\AppData\Local\Programs\MiKTeX\tex/generic/pgf/systemlayer\pgfsys-common-pdf.def
File: pgfsys-common-pdf.def 2023-01-15 v3.1.10 (3.1.10)
))) (C:\Users\Alvin\AppData\Local\Programs\MiKTeX\tex/generic/pgf/systemlayer\pgfsyssoftpath.code.tex
File: pgfsyssoftpath.code.tex 2023-01-15 v3.1.10 (3.1.10)
\pgfsyssoftpath@smallbuffer@items=\count310
\pgfsyssoftpath@bigbuffer@items=\count311
) (C:\Users\Alvin\AppData\Local\Programs\MiKTeX\tex/generic/pgf/systemlayer\pgfsysprotocol.code.tex
File: pgfsysprotocol.code.tex 2023-01-15 v3.1.10 (3.1.10)
)) (C:\Users\Alvin\AppData\Local\Programs\MiKTeX\tex/latex/l3backend\l3backend-pdftex.def
File: l3backend-pdftex.def 2024-05-08 L3 backend support: PDF output (pdfTeX)
\l__color_backend_stack_int=\count312
\l__pdf_internal_box=\box59
) (main.aux)
\openout1 = `main.aux'.

LaTeX Font Info:    Checking defaults for OML/cmm/m/it on input line 45.
LaTeX Font Info:    ... okay on input line 45.
LaTeX Font Info:    Checking defaults for OMS/cmsy/m/n on input line 45.
LaTeX Font Info:    ... okay on input line 45.
LaTeX Font Info:    Checking defaults for OT1/cmr/m/n on input line 45.
LaTeX Font Info:    ... okay on input line 45.
LaTeX Font Info:    Checking defaults for T1/cmr/m/n on input line 45.
LaTeX Font Info:    ... okay on input line 45.
LaTeX Font Info:    Checking defaults for TS1/cmr/m/n on input line 45.
LaTeX Font Info:    ... okay on input line 45.
LaTeX Font Info:    Checking defaults for OMX/cmex/m/n on input line 45.
LaTeX Font Info:    ... okay on input line 45.
LaTeX Font Info:    Checking defaults for U/cmr/m/n on input line 45.
LaTeX Font Info:    ... okay on input line 45.
LaTeX Font Info:    Checking defaults for PD1/pdf/m/n on input line 45.
LaTeX Font Info:    ... okay on input line 45.
LaTeX Font Info:    Checking defaults for PU/pdf/m/n on input line 45.
LaTeX Font Info:    ... okay on input line 45.
LaTeX Font Info:    Checking defaults for C00/song/m/n on input line 45.
LaTeX Font Info:    ... okay on input line 45.
LaTeX Font Info:    Checking defaults for C05/song/m/n on input line 45.
LaTeX Font Info:    ... okay on input line 45.
LaTeX Font Info:    Checking defaults for C09/song/m/n on input line 45.
LaTeX Font Info:    ... okay on input line 45.
LaTeX Font Info:    Checking defaults for C10/song/m/n on input line 45.
LaTeX Font Info:    ... okay on input line 45.
LaTeX Font Info:    Checking defaults for C20/song/m/n on input line 45.
LaTeX Font Info:    ... okay on input line 45.
LaTeX Font Info:    Checking defaults for C19/song/m/n on input line 45.
LaTeX Font Info:    ... okay on input line 45.
LaTeX Font Info:    Checking defaults for C40/song/m/n on input line 45.
LaTeX Font Info:    ... okay on input line 45.
LaTeX Font Info:    Checking defaults for C42/song/m/n on input line 45.
LaTeX Font Info:    ... okay on input line 45.
LaTeX Font Info:    Checking defaults for C43/song/m/n on input line 45.
LaTeX Font Info:    ... okay on input line 45.
LaTeX Font Info:    Checking defaults for C50/song/m/n on input line 45.
LaTeX Font Info:    ... okay on input line 45.
LaTeX Font Info:    Checking defaults for C52/song/m/n on input line 45.
LaTeX Font Info:    ... okay on input line 45.
LaTeX Font Info:    Checking defaults for C49/song/m/n on input line 45.
LaTeX Font Info:    ... okay on input line 45.
LaTeX Font Info:    Checking defaults for C60/mj/m/n on input line 45.
LaTeX Font Info:    ... okay on input line 45.
LaTeX Font Info:    Checking defaults for C61/mj/m/n on input line 45.
LaTeX Font Info:    ... okay on input line 45.
LaTeX Font Info:    Checking defaults for C63/mj/m/n on input line 45.
LaTeX Font Info:    ... okay on input line 45.
LaTeX Font Info:    Checking defaults for C64/mj/m/n on input line 45.
LaTeX Font Info:    ... okay on input line 45.
LaTeX Font Info:    Checking defaults for C65/mj/m/n on input line 45.
LaTeX Font Info:    ... okay on input line 45.
LaTeX Font Info:    Checking defaults for C70/song/m/n on input line 45.
LaTeX Font Info:    ... okay on input line 45.
LaTeX Font Info:    Checking defaults for C31/song/m/n on input line 45.
LaTeX Font Info:    ... okay on input line 45.
LaTeX Font Info:    Checking defaults for C32/song/m/n on input line 45.
LaTeX Font Info:    ... okay on input line 45.
LaTeX Font Info:    Checking defaults for C33/song/m/n on input line 45.
LaTeX Font Info:    ... okay on input line 45.
LaTeX Font Info:    Checking defaults for C34/song/m/n on input line 45.
LaTeX Font Info:    ... okay on input line 45.
LaTeX Font Info:    Checking defaults for C35/song/m/n on input line 45.
LaTeX Font Info:    ... okay on input line 45.
LaTeX Font Info:    Checking defaults for C36/song/m/n on input line 45.
LaTeX Font Info:    ... okay on input line 45.
LaTeX Font Info:    Checking defaults for C37/song/m/n on input line 45.
LaTeX Font Info:    ... okay on input line 45.
LaTeX Font Info:    Checking defaults for C80/song/m/n on input line 45.
LaTeX Font Info:    ... okay on input line 45.
LaTeX Font Info:    Checking defaults for C81/song/m/n on input line 45.
LaTeX Font Info:    ... okay on input line 45.
LaTeX Font Info:    Checking defaults for C01/song/m/n on input line 45.
LaTeX Font Info:    ... okay on input line 45.
LaTeX Font Info:    Checking defaults for C11/song/m/n on input line 45.
LaTeX Font Info:    ... okay on input line 45.
LaTeX Font Info:    Checking defaults for C21/song/m/n on input line 45.
LaTeX Font Info:    ... okay on input line 45.
LaTeX Font Info:    Checking defaults for C41/song/m/n on input line 45.
LaTeX Font Info:    ... okay on input line 45.
LaTeX Font Info:    Checking defaults for C62/song/m/n on input line 45.
LaTeX Font Info:    ... okay on input line 45.
 (C:\Users\Alvin\AppData\Local\Programs\MiKTeX\tex/context/base/mkii\supp-pdf.mkii
[Loading MPS to PDF converter (version 2006.09.02).]
\scratchcounter=\count313
\scratchdimen=\dimen177
\scratchbox=\box60
\nofMPsegments=\count314
\nofMParguments=\count315
\everyMPshowfont=\toks35
\MPscratchCnt=\count316
\MPscratchDim=\dimen178
\MPnumerator=\count317
\makeMPintoPDFobject=\count318
\everyMPtoPDFconversion=\toks36
) (C:\Users\Alvin\AppData\Local\Programs\MiKTeX\tex/latex/epstopdf-pkg\epstopdf-base.sty
Package: epstopdf-base 2020-01-24 v2.11 Base part for package epstopdf
Package epstopdf-base Info: Redefining graphics rule for `.eps' on input line 485.
 (C:\Users\Alvin\AppData\Local\Programs\MiKTeX\tex/latex/00miktex\epstopdf-sys.cfg
File: epstopdf-sys.cfg 2021/03/18 v2.0 Configuration of epstopdf for MiKTeX
))
*geometry* driver: auto-detecting
*geometry* detected driver: pdftex
*geometry* verbose mode - [ preamble ] result:
* driver: pdftex
* paper: a4paper
* layout: <same size as paper>
* layoutoffset:(h,v)=(0.0pt,0.0pt)
* modes: 
* h-part:(L,W,R)=(72.26999pt, 452.9679pt, 72.26999pt)
* v-part:(T,H,B)=(72.26999pt, 700.50687pt, 72.26999pt)
* \paperwidth=597.50787pt
* \paperheight=845.04684pt
* \textwidth=452.9679pt
* \textheight=700.50687pt
* \oddsidemargin=0.0pt
* \evensidemargin=0.0pt
* \topmargin=-37.0pt
* \headheight=12.0pt
* \headsep=25.0pt
* \topskip=12.0pt
* \footskip=30.0pt
* \marginparwidth=35.0pt
* \marginparsep=10.0pt
* \columnsep=10.0pt
* \skip\footins=10.8pt plus 4.0pt minus 2.0pt
* \hoffset=0.0pt
* \voffset=0.0pt
* \mag=1000
* \@twocolumnfalse
* \@twosidefalse
* \@mparswitchfalse
* \@reversemarginfalse
* (1in=72.27pt=25.4mm, 1cm=28.453pt)

Package hyperref Info: Link coloring OFF on input line 45.
(main.out) (main.out)
\@outlinefile=\write4
\openout4 = `main.out'.



[1

{C:/Users/Alvin/AppData/Local/MiKTeX/fonts/map/pdftex/pdftex.map}] (main.toc


pdfTeX warning (ext4): destination with the same identifier (name{page.1}) has been already used, duplicate ignored
<to be read again> 
                   \relax 
l.56 ... {7}Challenges \& Problems}{39}{chapter.7}
                                                  % [1

])
\tf@toc=\write5
\openout5 = `main.toc'.



[2]
Chapter 1.

Underfull \hbox (badness 10000) in paragraph at lines 52--53

 []


Underfull \hbox (badness 10000) in paragraph at lines 55--56

 []


Underfull \hbox (badness 10000) in paragraph at lines 59--60

 []



[3

]
Underfull \hbox (badness 10000) in paragraph at lines 81--82

 []


Underfull \hbox (badness 10000) in paragraph at lines 85--86

 []


Underfull \hbox (badness 10000) in paragraph at lines 88--89

 []


Underfull \hbox (badness 10000) in paragraph at lines 91--92

 []


Underfull \hbox (badness 10000) in paragraph at lines 94--95

 []



[4]
Underfull \hbox (badness 10000) in paragraph at lines 97--98

 []


Underfull \hbox (badness 10000) in paragraph at lines 100--101

 []



[5]
Chapter 2.

Underfull \hbox (badness 10000) in paragraph at lines 109--110

 []


Underfull \hbox (badness 10000) in paragraph at lines 112--113

 []


Underfull \hbox (badness 10000) in paragraph at lines 115--116

 []


Underfull \hbox (badness 10000) in paragraph at lines 118--119

 []



[6

]
Underfull \hbox (badness 10000) in paragraph at lines 123--124

 []


Underfull \hbox (badness 10000) in paragraph at lines 126--127

 []


Underfull \hbox (badness 10000) in paragraph at lines 129--130

 []


Underfull \hbox (badness 10000) in paragraph at lines 132--133

 []


Underfull \hbox (badness 10000) in paragraph at lines 135--136

 []



[7]
Chapter 3.

Underfull \hbox (badness 10000) in paragraph at lines 140--141

 []


Underfull \hbox (badness 10000) in paragraph at lines 142--143

 []


Underfull \hbox (badness 10000) in paragraph at lines 144--145

 []


Underfull \hbox (badness 10000) in paragraph at lines 146--147

 []


Underfull \hbox (badness 10000) in paragraph at lines 148--149

 []


Underfull \hbox (badness 10000) in paragraph at lines 150--151

 []


Underfull \hbox (badness 10000) in paragraph at lines 152--153

 []



[8

]
Underfull \hbox (badness 10000) in paragraph at lines 155--156

 []


Underfull \hbox (badness 10000) in paragraph at lines 157--158

 []


Underfull \hbox (badness 10000) in paragraph at lines 159--160

 []


Underfull \hbox (badness 10000) in paragraph at lines 161--162

 []


Underfull \hbox (badness 10000) in paragraph at lines 163--164

 []


Underfull \hbox (badness 10000) in paragraph at lines 165--166

 []



[9]
Chapter 4.
<UMLDiagrams/sys_architecture_v2.png, id=345, 1254.93843pt x 547.2947pt>
File: UMLDiagrams/sys_architecture_v2.png Graphic file (type png)
<use UMLDiagrams/sys_architecture_v2.png>
Package pdftex.def Info: UMLDiagrams/sys_architecture_v2.png  used on input line 171.
(pdftex.def)             Requested size: 452.9679pt x 197.5437pt.


[10


pdfTeX warning (ext4): destination with the same identifier (name{figure.4.1}) has been already used, duplicate ignored
<argument> ...shipout:D \box_use:N \l_shipout_box 
                                                  \__shipout_drop_firstpage_...
l.196     \item {
                  <./UMLDiagrams/sys_architecture_v2.png>]
Underfull \hbox (badness 10000) in paragraph at lines 203--204

 []

<UMLDiagrams/UseCase1.png, id=354, 1684.25235pt x 1256.0526pt>
File: UMLDiagrams/UseCase1.png Graphic file (type png)
<use UMLDiagrams/UseCase1.png>
Package pdftex.def Info: UMLDiagrams/UseCase1.png  used on input line 209.
(pdftex.def)             Requested size: 452.9679pt x 337.79713pt.
<UMLDiagrams/UseCase2.png, id=355, 1511.1657pt x 1330.4907pt>
File: UMLDiagrams/UseCase2.png Graphic file (type png)
<use UMLDiagrams/UseCase2.png>
Package pdftex.def Info: UMLDiagrams/UseCase2.png  used on input line 216.
(pdftex.def)             Requested size: 452.9679pt x 398.80516pt.


[11
pdfTeX warning (ext4): destination with the same identifier (name{figure.4.2}) has been already used, duplicate ignored
<argument> ...shipout:D \box_use:N \l_shipout_box 
                                                  \__shipout_drop_firstpage_...
l.220 
       <./UMLDiagrams/UseCase1.png>]
Underfull \hbox (badness 10000) in paragraph at lines 221--222

 []


Underfull \hbox (badness 10000) in paragraph at lines 223--224

 []


Underfull \hbox (badness 10000) in paragraph at lines 225--226

 []



[12
pdfTeX warning (ext4): destination with the same identifier (name{figure.4.3}) has been already used, duplicate ignored
<argument> ...shipout:D \box_use:N \l_shipout_box 
                                                  \__shipout_drop_firstpage_...
l.226 
       <./UMLDiagrams/UseCase2.png>]
Underfull \hbox (badness 10000) in paragraph at lines 227--228

 []


Underfull \hbox (badness 10000) in paragraph at lines 229--230

 []


Underfull \hbox (badness 10000) in paragraph at lines 231--232

 []


Underfull \hbox (badness 10000) in paragraph at lines 233--234

 []


Underfull \hbox (badness 10000) in paragraph at lines 235--236

 []



[13]
<UMLDiagrams/scheduleCreation_white.jpg, id=415, 2135.98pt x 1997.4625pt>
File: UMLDiagrams/scheduleCreation_white.jpg Graphic file (type jpg)
<use UMLDiagrams/scheduleCreation_white.jpg>
Package pdftex.def Info: UMLDiagrams/scheduleCreation_white.jpg  used on input line 241.
(pdftex.def)             Requested size: 452.9679pt x 423.59415pt.
<UMLDiagrams/staffLeaveRequest_white.jpg, id=416, 3104.59875pt x 2844.6275pt>
File: UMLDiagrams/staffLeaveRequest_white.jpg Graphic file (type jpg)
<use UMLDiagrams/staffLeaveRequest_white.jpg>
Package pdftex.def Info: UMLDiagrams/staffLeaveRequest_white.jpg  used on input line 251.
(pdftex.def)             Requested size: 452.9679pt x 414.99965pt.


[14
pdfTeX warning (ext4): destination with the same identifier (name{figure.4.4}) has been already used, duplicate ignored
<argument> ...shipout:D \box_use:N \l_shipout_box 
                                                  \__shipout_drop_firstpage_...
l.255 
       <./UMLDiagrams/scheduleCreation_white.jpg>]
<UMLDiagrams/userLogin_white.jpg, id=423, 2010.51125pt x 1997.4625pt>
File: UMLDiagrams/userLogin_white.jpg Graphic file (type jpg)
<use UMLDiagrams/userLogin_white.jpg>
Package pdftex.def Info: UMLDiagrams/userLogin_white.jpg  used on input line 262.
(pdftex.def)             Requested size: 452.9679pt x 450.01926pt.


[15
pdfTeX warning (ext4): destination with the same identifier (name{figure.4.5}) has been already used, duplicate ignored
<argument> ...shipout:D \box_use:N \l_shipout_box 
                                                  \__shipout_drop_firstpage_...
l.266 F
       or User Login, the user first enter their credentials and data like u... <./UMLDiagrams/staffLeaveRequest_white.jpg>]
<UMLDiagrams/ClassDiagram.png, id=430, 772.38562pt x 565.11125pt>
File: UMLDiagrams/ClassDiagram.png Graphic file (type png)
<use UMLDiagrams/ClassDiagram.png>
Package pdftex.def Info: UMLDiagrams/ClassDiagram.png  used on input line 271.
(pdftex.def)             Requested size: 452.9679pt x 331.41223pt.


[16
pdfTeX warning (ext4): destination with the same identifier (name{figure.4.6}) has been already used, duplicate ignored
<argument> ...shipout:D \box_use:N \l_shipout_box 
                                                  \__shipout_drop_firstpage_...
l.275 T
       he class diagram shown at Figure \ref{fig:class-diagram} is the basic... <./UMLDiagrams/userLogin_white.jpg>]

[17
pdfTeX warning (ext4): destination with the same identifier (name{figure.4.7}) has been already used, duplicate ignored
<argument> ...shipout:D \box_use:N \l_shipout_box 
                                                  \__shipout_drop_firstpage_...
l.278 \chapter
              {User Interface Design} <./UMLDiagrams/ClassDiagram.png>]
Chapter 5.

Underfull \hbox (badness 10000) in paragraph at lines 281--282

 []

<images/InitialDesign.png, id=444, 622.7265pt x 339.06676pt>
File: images/InitialDesign.png Graphic file (type png)
<use images/InitialDesign.png>
Package pdftex.def Info: images/InitialDesign.png  used on input line 289.
(pdftex.def)             Requested size: 452.9679pt x 246.63713pt.


[18

]
Underfull \hbox (badness 10000) in paragraph at lines 296--297

 []

<images/design-board.png, id=457, 355.3275pt x 430.60875pt>
File: images/design-board.png Graphic file (type png)
<use images/design-board.png>
Package pdftex.def Info: images/design-board.png  used on input line 301.
(pdftex.def)             Requested size: 452.9679pt x 548.95645pt.


[19
pdfTeX warning (ext4): destination with the same identifier (name{figure.5.1}) has been already used, duplicate ignored
<argument> ...shipout:D \box_use:N \l_shipout_box 
                                                  \__shipout_drop_firstpage_...
l.305 
       <./images/InitialDesign.png>]
Underfull \hbox (badness 10000) in paragraph at lines 309--310

 []



[20
pdfTeX warning (ext4): destination with the same identifier (name{figure.5.2}) has been already used, duplicate ignored
<argument> ...shipout:D \box_use:N \l_shipout_box 
                                                  \__shipout_drop_firstpage_...
l.310 
       <./images/design-board.png>]
<images/HomeE.png, id=479, 1406.25375pt x 667.74469pt>
File: images/HomeE.png Graphic file (type png)
<use images/HomeE.png>
Package pdftex.def Info: images/HomeE.png  used on input line 313.
(pdftex.def)             Requested size: 362.37569pt x 172.0608pt.
<images/HomeC.png, id=480, 682.04813pt x 657.95813pt>
File: images/HomeC.png Graphic file (type png)
<use images/HomeC.png>
Package pdftex.def Info: images/HomeC.png  used on input line 320.
(pdftex.def)             Requested size: 294.42636pt x 284.03088pt.

Underfull \hbox (badness 10000) in paragraph at lines 325--326

 []



[21
pdfTeX warning (ext4): destination with the same identifier (name{figure.5.3}) has been already used, duplicate ignored
<argument> ...shipout:D \box_use:N \l_shipout_box 
                                                  \__shipout_drop_firstpage_...
l.326 
      
pdfTeX warning (ext4): destination with the same identifier (name{figure.5.4}) has been already used, duplicate ignored
<argument> ...shipout:D \box_use:N \l_shipout_box 
                                                  \__shipout_drop_firstpage_...
l.326 
       <./images/HomeE.png> <./images/HomeC.png>]

[22]
Chapter 6.

Underfull \hbox (badness 10000) in paragraph at lines 331--332

 []


Underfull \hbox (badness 10000) in paragraph at lines 335--336

 []


Underfull \hbox (badness 10000) in paragraph at lines 337--338

 []


Underfull \hbox (badness 10000) in paragraph at lines 339--340

 []


Underfull \hbox (badness 10000) in paragraph at lines 341--342

 []

(C:\Users\Alvin\AppData\Local\Programs\MiKTeX\tex/latex/cjk/UTF8\UTF8.bdg
File: UTF8.bdg 2021/10/16 4.8.5
) (C:\Users\Alvin\AppData\Local\Programs\MiKTeX\tex/latex/cjk/UTF8\UTF8.enc
File: UTF8.enc 2021/10/16 4.8.5
) (C:\Users\Alvin\AppData\Local\Programs\MiKTeX\tex/latex/cjk/UTF8\UTF8.chr
File: UTF8.chr 2021/10/16 4.8.5
)
LaTeX Font Info:    Trying to load font information for C70+gbsn on input line 346.
 (C:\Users\Alvin\AppData\Local\Programs\MiKTeX\tex/latex/cjk/UTF8\c70gbsn.fd
File: c70gbsn.fd 2021/10/16 4.8.5
) (C:\Users\Alvin\AppData\Local\Programs\MiKTeX\tex/latex/cjk/UTF8\c70gbsn.fdx
File: c70gbsn.fdx 2021/10/16 4.8.5
)
Underfull \hbox (badness 10000) in paragraph at lines 344--349

 []



[23

]
<EmployeePages/DailySchedule.png, id=510, 1405.50093pt x 661.72218pt>
File: EmployeePages/DailySchedule.png Graphic file (type png)
<use EmployeePages/DailySchedule.png>
Package pdftex.def Info: EmployeePages/DailySchedule.png  used on input line 362.
(pdftex.def)             Requested size: 362.37569pt x 170.60992pt.
<EmployeePages/WeeklySchedule.png, id=511, 1407.00656pt x 666.99188pt>
File: EmployeePages/WeeklySchedule.png Graphic file (type png)
<use EmployeePages/WeeklySchedule.png>
Package pdftex.def Info: EmployeePages/WeeklySchedule.png  used on input line 369.
(pdftex.def)             Requested size: 362.37569pt x 171.77522pt.


[24
pdfTeX warning (ext4): destination with the same identifier (name{figure.6.1}) has been already used, duplicate ignored
<argument> ...shipout:D \box_use:N \l_shipout_box 
                                                  \__shipout_drop_firstpage_...
l.373 
       <./EmployeePages/DailySchedule.png>]
<EmployeePages/MonthlySchedule.png, id=526, 1406.25375pt x 660.21657pt>
File: EmployeePages/MonthlySchedule.png Graphic file (type png)
<use EmployeePages/MonthlySchedule.png>
Package pdftex.def Info: EmployeePages/MonthlySchedule.png  used on input line 376.
(pdftex.def)             Requested size: 362.37569pt x 170.12099pt.
<EmployeePages/LeaveRequest.png, id=527, 1406.25375pt x 663.22781pt>
File: EmployeePages/LeaveRequest.png Graphic file (type png)
<use EmployeePages/LeaveRequest.png>
Package pdftex.def Info: EmployeePages/LeaveRequest.png  used on input line 384.
(pdftex.def)             Requested size: 362.37569pt x 170.89691pt.
<EmployeePages/LeaveRequest2.png, id=528, 1404.74812pt x 662.475pt>
File: EmployeePages/LeaveRequest2.png Graphic file (type png)
<use EmployeePages/LeaveRequest2.png>
Package pdftex.def Info: EmployeePages/LeaveRequest2.png  used on input line 391.
(pdftex.def)             Requested size: 362.37569pt x 170.895pt.


[25
pdfTeX warning (ext4): destination with the same identifier (name{figure.6.2}) has been already used, duplicate ignored
<argument> ...shipout:D \box_use:N \l_shipout_box 
                                                  \__shipout_drop_firstpage_...
l.395 
      
pdfTeX warning (ext4): destination with the same identifier (name{figure.6.3}) has been already used, duplicate ignored
<argument> ...shipout:D \box_use:N \l_shipout_box 
                                                  \__shipout_drop_firstpage_...
l.395 
      
pdfTeX warning (ext4): destination with the same identifier (name{figure.6.4}) has been already used, duplicate ignored
<argument> ...shipout:D \box_use:N \l_shipout_box 
                                                  \__shipout_drop_firstpage_...
l.395 
       <./EmployeePages/WeeklySchedule.png> <./EmployeePages/MonthlySchedule.png> <./EmployeePages/LeaveRequest.png>]
<EmployeePages/ExportData3.png, id=536, 1406.25375pt x 666.23906pt>
File: EmployeePages/ExportData3.png Graphic file (type png)
<use EmployeePages/ExportData3.png>
Package pdftex.def Info: EmployeePages/ExportData3.png  used on input line 400.
(pdftex.def)             Requested size: 362.37569pt x 171.67284pt.
<EmployeePages/ExportData2.png, id=537, 1403.2425pt x 664.73344pt>
File: EmployeePages/ExportData2.png Graphic file (type png)
<use EmployeePages/ExportData2.png>
Package pdftex.def Info: EmployeePages/ExportData2.png  used on input line 407.
(pdftex.def)             Requested size: 362.37569pt x 171.66017pt.


[26
pdfTeX warning (ext4): destination with the same identifier (name{figure.6.5}) has been already used, duplicate ignored
<argument> ...shipout:D \box_use:N \l_shipout_box 
                                                  \__shipout_drop_firstpage_...
l.413 
      
pdfTeX warning (ext4): destination with the same identifier (name{figure.6.6}) has been already used, duplicate ignored
<argument> ...shipout:D \box_use:N \l_shipout_box 
                                                  \__shipout_drop_firstpage_...
l.413 
      
pdfTeX warning (ext4): destination with the same identifier (name{figure.6.7}) has been already used, duplicate ignored
<argument> ...shipout:D \box_use:N \l_shipout_box 
                                                  \__shipout_drop_firstpage_...
l.413 
       <./EmployeePages/LeaveRequest2.png> <./EmployeePages/ExportData3.png> <./EmployeePages/ExportData2.png>]
<EmployeePages/EditProfile.png, id=545, 1404.74812pt x 664.73344pt>
File: EmployeePages/EditProfile.png Graphic file (type png)
<use EmployeePages/EditProfile.png>
Package pdftex.def Info: EmployeePages/EditProfile.png  used on input line 416.
(pdftex.def)             Requested size: 362.37569pt x 171.4776pt.
<EmployeePages/EditProfile2.png, id=546, 1404.74812pt x 662.475pt>
File: EmployeePages/EditProfile2.png Graphic file (type png)
<use EmployeePages/EditProfile2.png>
Package pdftex.def Info: EmployeePages/EditProfile2.png  used on input line 423.
(pdftex.def)             Requested size: 362.37569pt x 170.895pt.
<ManagerPages/ManagerCalendar.png, id=547, 1403.99532pt x 660.21657pt>
File: ManagerPages/ManagerCalendar.png Graphic file (type png)
<use ManagerPages/ManagerCalendar.png>
Package pdftex.def Info: ManagerPages/ManagerCalendar.png  used on input line 438.
(pdftex.def)             Requested size: 362.37569pt x 170.40306pt.
<ManagerPages/ManagerCalendar2.png, id=548, 1400.23125pt x 665.48625pt>
File: ManagerPages/ManagerCalendar2.png Graphic file (type png)
<use ManagerPages/ManagerCalendar2.png>
Package pdftex.def Info: ManagerPages/ManagerCalendar2.png  used on input line 444.
(pdftex.def)             Requested size: 362.37569pt x 172.22014pt.


[27
pdfTeX warning (ext4): destination with the same identifier (name{figure.6.8}) has been already used, duplicate ignored
<argument> ...shipout:D \box_use:N \l_shipout_box 
                                                  \__shipout_drop_firstpage_...
l.447     \end{figure}
                      
pdfTeX warning (ext4): destination with the same identifier (name{figure.6.9}) has been already used, duplicate ignored
<argument> ...shipout:D \box_use:N \l_shipout_box 
                                                  \__shipout_drop_firstpage_...
l.447     \end{figure}
                       <./EmployeePages/EditProfile.png> <./EmployeePages/EditProfile2.png>]
<ManagerPages/ManagerLeaveRequest.png, id=557, 1405.50093pt x 657.95813pt>
File: ManagerPages/ManagerLeaveRequest.png Graphic file (type png)
<use ManagerPages/ManagerLeaveRequest.png>
Package pdftex.def Info: ManagerPages/ManagerLeaveRequest.png  used on input line 453.
(pdftex.def)             Requested size: 362.37569pt x 169.63945pt.
<ManagerPages/ManagerLeaveRequest2.png, id=558, 1403.2425pt x 660.96938pt>
File: ManagerPages/ManagerLeaveRequest2.png Graphic file (type png)
<use ManagerPages/ManagerLeaveRequest2.png>
Package pdftex.def Info: ManagerPages/ManagerLeaveRequest2.png  used on input line 460.
(pdftex.def)             Requested size: 362.37569pt x 170.68814pt.


[28
pdfTeX warning (ext4): destination with the same identifier (name{figure.6.10}) has been already used, duplicate ignored
<argument> ...shipout:D \box_use:N \l_shipout_box 
                                                  \__shipout_drop_firstpage_...
l.464 
      
pdfTeX warning (ext4): destination with the same identifier (name{figure.6.11}) has been already used, duplicate ignored
<argument> ...shipout:D \box_use:N \l_shipout_box 
                                                  \__shipout_drop_firstpage_...
l.464 
      
pdfTeX warning (ext4): destination with the same identifier (name{figure.6.12}) has been already used, duplicate ignored
<argument> ...shipout:D \box_use:N \l_shipout_box 
                                                  \__shipout_drop_firstpage_...
l.464 
       <./ManagerPages/ManagerCalendar.png> <./ManagerPages/ManagerCalendar2.png> <./ManagerPages/ManagerLeaveRequest.png>]
<ManagerPages/ManagerSchedule.png, id=567, 1401.73688pt x 662.475pt>
File: ManagerPages/ManagerSchedule.png Graphic file (type png)
<use ManagerPages/ManagerSchedule.png>
Package pdftex.def Info: ManagerPages/ManagerSchedule.png  used on input line 470.
(pdftex.def)             Requested size: 362.37569pt x 171.25891pt.
<ManagerPages/ManagerSchedule2.png, id=568, 1404.74812pt x 662.475pt>
File: ManagerPages/ManagerSchedule2.png Graphic file (type png)
<use ManagerPages/ManagerSchedule2.png>
Package pdftex.def Info: ManagerPages/ManagerSchedule2.png  used on input line 477.
(pdftex.def)             Requested size: 362.37569pt x 170.895pt.
<ManagerPages/ManagerSchedule3.png, id=569, 1404.74812pt x 698.61pt>
File: ManagerPages/ManagerSchedule3.png Graphic file (type png)
<use ManagerPages/ManagerSchedule3.png>
Package pdftex.def Info: ManagerPages/ManagerSchedule3.png  used on input line 484.
(pdftex.def)             Requested size: 362.37569pt x 180.21654pt.


[29
pdfTeX warning (ext4): destination with the same identifier (name{figure.6.13}) has been already used, duplicate ignored
<argument> ...shipout:D \box_use:N \l_shipout_box 
                                                  \__shipout_drop_firstpage_...
l.488 
      
pdfTeX warning (ext4): destination with the same identifier (name{figure.6.14}) has been already used, duplicate ignored
<argument> ...shipout:D \box_use:N \l_shipout_box 
                                                  \__shipout_drop_firstpage_...
l.488 
      
pdfTeX warning (ext4): destination with the same identifier (name{figure.6.15}) has been already used, duplicate ignored
<argument> ...shipout:D \box_use:N \l_shipout_box 
                                                  \__shipout_drop_firstpage_...
l.488 
       <./ManagerPages/ManagerLeaveRequest2.png> <./ManagerPages/ManagerSchedule.png> <./ManagerPages/ManagerSchedule2.png>]
<ManagerPages/ManagerSchedule4.png, id=578, 1402.48969pt x 659.46375pt>
File: ManagerPages/ManagerSchedule4.png Graphic file (type png)
<use ManagerPages/ManagerSchedule4.png>
Package pdftex.def Info: ManagerPages/ManagerSchedule4.png  used on input line 491.
(pdftex.def)             Requested size: 362.37569pt x 170.3899pt.
<ManagerPages/ManagerSchedule5.png, id=579, 1403.2425pt x 666.23906pt>
File: ManagerPages/ManagerSchedule5.png Graphic file (type png)
<use ManagerPages/ManagerSchedule5.png>
Package pdftex.def Info: ManagerPages/ManagerSchedule5.png  used on input line 498.
(pdftex.def)             Requested size: 362.37569pt x 172.04898pt.
<ManagerPages/ManagerSchedule6.png, id=580, 1407.75937pt x 660.21657pt>
File: ManagerPages/ManagerSchedule6.png Graphic file (type png)
<use ManagerPages/ManagerSchedule6.png>
Package pdftex.def Info: ManagerPages/ManagerSchedule6.png  used on input line 505.
(pdftex.def)             Requested size: 362.37569pt x 169.93967pt.


[30
pdfTeX warning (ext4): destination with the same identifier (name{figure.6.16}) has been already used, duplicate ignored
<argument> ...shipout:D \box_use:N \l_shipout_box 
                                                  \__shipout_drop_firstpage_...
l.509 
      
pdfTeX warning (ext4): destination with the same identifier (name{figure.6.17}) has been already used, duplicate ignored
<argument> ...shipout:D \box_use:N \l_shipout_box 
                                                  \__shipout_drop_firstpage_...
l.509 
      
pdfTeX warning (ext4): destination with the same identifier (name{figure.6.18}) has been already used, duplicate ignored
<argument> ...shipout:D \box_use:N \l_shipout_box 
                                                  \__shipout_drop_firstpage_...
l.509 
       <./ManagerPages/ManagerSchedule3.png> <./ManagerPages/ManagerSchedule4.png> <./ManagerPages/ManagerSchedule5.png>]
<ManagerPages/ManagerData.png, id=595, 1406.25375pt x 666.99188pt>
File: ManagerPages/ManagerData.png Graphic file (type png)
<use ManagerPages/ManagerData.png>
Package pdftex.def Info: ManagerPages/ManagerData.png  used on input line 515.
(pdftex.def)             Requested size: 362.37569pt x 171.86682pt.
<ManagerPages/ManagerEmployeeData.png, id=597, 1406.25375pt x 660.21657pt>
File: ManagerPages/ManagerEmployeeData.png Graphic file (type png)
<use ManagerPages/ManagerEmployeeData.png>
Package pdftex.def Info: ManagerPages/ManagerEmployeeData.png  used on input line 523.
(pdftex.def)             Requested size: 362.37569pt x 170.12099pt.


[31
pdfTeX warning (ext4): destination with the same identifier (name{figure.6.19}) has been already used, duplicate ignored
<argument> ...shipout:D \box_use:N \l_shipout_box 
                                                  \__shipout_drop_firstpage_...
l.527 
      
pdfTeX warning (ext4): destination with the same identifier (name{figure.6.20}) has been already used, duplicate ignored
<argument> ...shipout:D \box_use:N \l_shipout_box 
                                                  \__shipout_drop_firstpage_...
l.527 
       <./ManagerPages/ManagerSchedule6.png> <./ManagerPages/ManagerData.png>]
<ManagerPages/ManagerEmployeeData5.png, id=606, 1405.50093pt x 737.75626pt>
File: ManagerPages/ManagerEmployeeData5.png Graphic file (type png)
<use ManagerPages/ManagerEmployeeData5.png>
Package pdftex.def Info: ManagerPages/ManagerEmployeeData5.png  used on input line 530.
(pdftex.def)             Requested size: 362.37569pt x 190.21358pt.
<ManagerPages/ManagerEmployeeData6.png, id=607, 1444.64719pt x 766.36313pt>
File: ManagerPages/ManagerEmployeeData6.png Graphic file (type png)
<use ManagerPages/ManagerEmployeeData6.png>
Package pdftex.def Info: ManagerPages/ManagerEmployeeData6.png  used on input line 537.
(pdftex.def)             Requested size: 362.37569pt x 192.23346pt.


[32
pdfTeX warning (ext4): destination with the same identifier (name{figure.6.21}) has been already used, duplicate ignored
<argument> ...shipout:D \box_use:N \l_shipout_box 
                                                  \__shipout_drop_firstpage_...
l.543 
      
pdfTeX warning (ext4): destination with the same identifier (name{figure.6.22}) has been already used, duplicate ignored
<argument> ...shipout:D \box_use:N \l_shipout_box 
                                                  \__shipout_drop_firstpage_...
l.543 
      
pdfTeX warning (ext4): destination with the same identifier (name{figure.6.23}) has been already used, duplicate ignored
<argument> ...shipout:D \box_use:N \l_shipout_box 
                                                  \__shipout_drop_firstpage_...
l.543 
       <./ManagerPages/ManagerEmployeeData.png> <./ManagerPages/ManagerEmployeeData5.png> <./ManagerPages/ManagerEmployeeData6.png>]
<ManagerPages/ManagerEmployeeData7.png, id=617, 1404.74812pt x 665.48625pt>
File: ManagerPages/ManagerEmployeeData7.png Graphic file (type png)
<use ManagerPages/ManagerEmployeeData7.png>
Package pdftex.def Info: ManagerPages/ManagerEmployeeData7.png  used on input line 546.
(pdftex.def)             Requested size: 362.37569pt x 171.67178pt.
<ManagerPages/ManagerEmployeeData8.png, id=618, 1403.2425pt x 660.21657pt>
File: ManagerPages/ManagerEmployeeData8.png Graphic file (type png)
<use ManagerPages/ManagerEmployeeData8.png>
Package pdftex.def Info: ManagerPages/ManagerEmployeeData8.png  used on input line 553.
(pdftex.def)             Requested size: 362.37569pt x 170.49373pt.
<ManagerPages/ManagerCalendarData.png, id=620, 1405.50093pt x 665.48625pt>
File: ManagerPages/ManagerCalendarData.png Graphic file (type png)
<use ManagerPages/ManagerCalendarData.png>
Package pdftex.def Info: ManagerPages/ManagerCalendarData.png  used on input line 561.
(pdftex.def)             Requested size: 362.37569pt x 171.5804pt.
<ManagerPages/ManagerCalendarData2.png, id=621, 1403.99532pt x 665.48625pt>
File: ManagerPages/ManagerCalendarData2.png Graphic file (type png)
<use ManagerPages/ManagerCalendarData2.png>
Package pdftex.def Info: ManagerPages/ManagerCalendarData2.png  used on input line 568.
(pdftex.def)             Requested size: 362.37569pt x 171.76318pt.


[33
pdfTeX warning (ext4): destination with the same identifier (name{figure.6.24}) has been already used, duplicate ignored
<argument> ...shipout:D \box_use:N \l_shipout_box 
                                                  \__shipout_drop_firstpage_...
l.572 
      
pdfTeX warning (ext4): destination with the same identifier (name{figure.6.25}) has been already used, duplicate ignored
<argument> ...shipout:D \box_use:N \l_shipout_box 
                                                  \__shipout_drop_firstpage_...
l.572 
      
pdfTeX warning (ext4): destination with the same identifier (name{figure.6.26}) has been already used, duplicate ignored
<argument> ...shipout:D \box_use:N \l_shipout_box 
                                                  \__shipout_drop_firstpage_...
l.572 
       <./ManagerPages/ManagerEmployeeData7.png> <./ManagerPages/ManagerEmployeeData8.png> <./ManagerPages/ManagerCalendarData.png>]
<ManagerPages/ManagerRulesData.png, id=631, 1404.74812pt x 663.22781pt>
File: ManagerPages/ManagerRulesData.png Graphic file (type png)
<use ManagerPages/ManagerRulesData.png>
Package pdftex.def Info: ManagerPages/ManagerRulesData.png  used on input line 576.
(pdftex.def)             Requested size: 362.37569pt x 171.0892pt.
<ManagerPages/ManagerRulesData2.png, id=632, 1403.2425pt x 668.4975pt>
File: ManagerPages/ManagerRulesData2.png Graphic file (type png)
<use ManagerPages/ManagerRulesData2.png>
Package pdftex.def Info: ManagerPages/ManagerRulesData2.png  used on input line 583.
(pdftex.def)             Requested size: 362.37569pt x 172.6322pt.
<ManagerPages/ManagerRulesData3.png, id=633, 1404.74812pt x 663.98062pt>
File: ManagerPages/ManagerRulesData3.png Graphic file (type png)
<use ManagerPages/ManagerRulesData3.png>
Package pdftex.def Info: ManagerPages/ManagerRulesData3.png  used on input line 590.
(pdftex.def)             Requested size: 362.37569pt x 171.28339pt.


[34
pdfTeX warning (ext4): destination with the same identifier (name{figure.6.27}) has been already used, duplicate ignored
<argument> ...shipout:D \box_use:N \l_shipout_box 
                                                  \__shipout_drop_firstpage_...
l.594 
      
pdfTeX warning (ext4): destination with the same identifier (name{figure.6.28}) has been already used, duplicate ignored
<argument> ...shipout:D \box_use:N \l_shipout_box 
                                                  \__shipout_drop_firstpage_...
l.594 
      
pdfTeX warning (ext4): destination with the same identifier (name{figure.6.29}) has been already used, duplicate ignored
<argument> ...shipout:D \box_use:N \l_shipout_box 
                                                  \__shipout_drop_firstpage_...
l.594 
       <./ManagerPages/ManagerCalendarData2.png> <./ManagerPages/ManagerRulesData.png> <./ManagerPages/ManagerRulesData2.png>]
<ManagerPages/ManagerScheduleData.png, id=644, 1403.2425pt x 657.2053pt>
File: ManagerPages/ManagerScheduleData.png Graphic file (type png)
<use ManagerPages/ManagerScheduleData.png>
Package pdftex.def Info: ManagerPages/ManagerScheduleData.png  used on input line 598.
(pdftex.def)             Requested size: 362.37569pt x 169.71611pt.
<ManagerPages/ManagerScheduleData2.png, id=645, 1405.50093pt x 663.98062pt>
File: ManagerPages/ManagerScheduleData2.png Graphic file (type png)
<use ManagerPages/ManagerScheduleData2.png>
Package pdftex.def Info: ManagerPages/ManagerScheduleData2.png  used on input line 605.
(pdftex.def)             Requested size: 362.37569pt x 171.1922pt.
<ManagerPages/ManagerScheduleData4.png, id=646, 1444.64719pt x 766.36313pt>
File: ManagerPages/ManagerScheduleData4.png Graphic file (type png)
<use ManagerPages/ManagerScheduleData4.png>
Package pdftex.def Info: ManagerPages/ManagerScheduleData4.png  used on input line 612.
(pdftex.def)             Requested size: 362.37569pt x 192.23346pt.


[35
pdfTeX warning (ext4): destination with the same identifier (name{figure.6.30}) has been already used, duplicate ignored
<argument> ...shipout:D \box_use:N \l_shipout_box 
                                                  \__shipout_drop_firstpage_...
l.616 
      
pdfTeX warning (ext4): destination with the same identifier (name{figure.6.31}) has been already used, duplicate ignored
<argument> ...shipout:D \box_use:N \l_shipout_box 
                                                  \__shipout_drop_firstpage_...
l.616 
      
pdfTeX warning (ext4): destination with the same identifier (name{figure.6.32}) has been already used, duplicate ignored
<argument> ...shipout:D \box_use:N \l_shipout_box 
                                                  \__shipout_drop_firstpage_...
l.616 
       <./ManagerPages/ManagerRulesData3.png> <./ManagerPages/ManagerScheduleData.png> <./ManagerPages/ManagerScheduleData2.png>]
<ManagerPages/ManagerScheduleData5.png, id=656, 1406.25375pt x 665.48625pt>
File: ManagerPages/ManagerScheduleData5.png Graphic file (type png)
<use ManagerPages/ManagerScheduleData5.png>
Package pdftex.def Info: ManagerPages/ManagerScheduleData5.png  used on input line 619.
(pdftex.def)             Requested size: 362.37569pt x 171.47885pt.
<ManagerPages/ManagerScheduleData6.png, id=657, 1407.75937pt x 668.4975pt>
File: ManagerPages/ManagerScheduleData6.png Graphic file (type png)
<use ManagerPages/ManagerScheduleData6.png>
Package pdftex.def Info: ManagerPages/ManagerScheduleData6.png  used on input line 626.
(pdftex.def)             Requested size: 362.37569pt x 172.07117pt.
<ManagerPages/ManagerProfile.png, id=658, 1405.50093pt x 662.475pt>
File: ManagerPages/ManagerProfile.png Graphic file (type png)
<use ManagerPages/ManagerProfile.png>
Package pdftex.def Info: ManagerPages/ManagerProfile.png  used on input line 635.
(pdftex.def)             Requested size: 362.37569pt x 170.80402pt.


[36
pdfTeX warning (ext4): destination with the same identifier (name{figure.6.33}) has been already used, duplicate ignored
<argument> ...shipout:D \box_use:N \l_shipout_box 
                                                  \__shipout_drop_firstpage_...
l.638     \end{figure}
                      
pdfTeX warning (ext4): destination with the same identifier (name{figure.6.34}) has been already used, duplicate ignored
<argument> ...shipout:D \box_use:N \l_shipout_box 
                                                  \__shipout_drop_firstpage_...
l.638     \end{figure}
                      
pdfTeX warning (ext4): destination with the same identifier (name{figure.6.35}) has been already used, duplicate ignored
<argument> ...shipout:D \box_use:N \l_shipout_box 
                                                  \__shipout_drop_firstpage_...
l.638     \end{figure}
                       <./ManagerPages/ManagerScheduleData4.png> <./ManagerPages/ManagerScheduleData5.png> <./ManagerPages/ManagerScheduleData6.png>]
<ManagerPages/ManagerProfile2.png, id=669, 1404.74812pt x 664.73344pt>
File: ManagerPages/ManagerProfile2.png Graphic file (type png)
<use ManagerPages/ManagerProfile2.png>
Package pdftex.def Info: ManagerPages/ManagerProfile2.png  used on input line 642.
(pdftex.def)             Requested size: 362.37569pt x 171.4776pt.


[37
pdfTeX warning (ext4): destination with the same identifier (name{figure.6.36}) has been already used, duplicate ignored
<argument> ...shipout:D \box_use:N \l_shipout_box 
                                                  \__shipout_drop_firstpage_...
l.663         \begin{itemize}
                             
pdfTeX warning (ext4): destination with the same identifier (name{figure.6.37}) has been already used, duplicate ignored
<argument> ...shipout:D \box_use:N \l_shipout_box 
                                                  \__shipout_drop_firstpage_...
l.663         \begin{itemize}
                              <./ManagerPages/ManagerProfile.png> <./ManagerPages/ManagerProfile2.png>]

[38]
Chapter 7.

Underfull \hbox (badness 10000) in paragraph at lines 675--676

 []


Underfull \hbox (badness 10000) in paragraph at lines 677--678

 []


Underfull \hbox (badness 10000) in paragraph at lines 679--680

 []


Underfull \hbox (badness 10000) in paragraph at lines 681--682

 []



[39

]
Chapter 8.

Underfull \hbox (badness 10000) in paragraph at lines 686--687

 []


Underfull \hbox (badness 10000) in paragraph at lines 713--715

 []



[40


pdfTeX warning (ext4): destination with the same identifier (name{table.8.1}) has been already used, duplicate ignored
<argument> ...shipout:D \box_use:N \l_shipout_box 
                                                  \__shipout_drop_firstpage_...
l.715 
      ]
<OtherImage/General_Workflow.png, id=706, 1124.2pt x 786.94pt>
File: OtherImage/General_Workflow.png Graphic file (type png)
<use OtherImage/General_Workflow.png>
Package pdftex.def Info: OtherImage/General_Workflow.png  used on input line 718.
(pdftex.def)             Requested size: 452.9679pt x 317.0759pt.

Underfull \hbox (badness 10000) in paragraph at lines 723--724

 []



[41
pdfTeX warning (ext4): destination with the same identifier (name{figure.8.1}) has been already used, duplicate ignored
<argument> ...shipout:D \box_use:N \l_shipout_box 
                                                  \__shipout_drop_firstpage_...
l.725 \newpage
               <./OtherImage/General_Workflow.png>]
Underfull \hbox (badness 10000) in paragraph at lines 729--730

 []

<GanttCharts/GRP_GanttChart_Collapsed.png, id=715, 1671.99657pt x 783.67781pt>
File: GanttCharts/GRP_GanttChart_Collapsed.png Graphic file (type png)
<use GanttCharts/GRP_GanttChart_Collapsed.png>
Package pdftex.def Info: GanttCharts/GRP_GanttChart_Collapsed.png  used on input line 733.
(pdftex.def)             Requested size: 452.9679pt x 212.30135pt.

Underfull \hbox (badness 10000) in paragraph at lines 740--741

 []


Underfull \hbox (badness 10000) in paragraph at lines 743--744

 []


Underfull \hbox (badness 10000) in paragraph at lines 745--746

 []

(main.bbl

[42
pdfTeX warning (ext4): destination with the same identifier (name{figure.8.2}) has been already used, duplicate ignored
<argument> ...shipout:D \box_use:N \l_shipout_box 
                                                  \__shipout_drop_firstpage_...
l.1 \begin{thebibliography}{xx}
                                <./GanttCharts/GRP_GanttChart_Collapsed.png>]

[43

]
Underfull \hbox (badness 1082) in paragraph at lines 82--84
[]\OT1/cmr/m/n/12 Thesen, A. (1978), `Heuris-tic project schedul-ing', \OT1/cmr/m/it/12 Project Man-age-ment Quar-terly
 []

)

[44]

[45


]
Appendix A.
<GanttCharts/GRP_GanttGraph_Expanded_P1.png, id=736, 950.80219pt x 1089.31969pt>
File: GanttCharts/GRP_GanttGraph_Expanded_P1.png Graphic file (type png)
<use GanttCharts/GRP_GanttGraph_Expanded_P1.png>
Package pdftex.def Info: GanttCharts/GRP_GanttGraph_Expanded_P1.png  used on input line 757.
(pdftex.def)             Requested size: 362.37569pt x 415.17578pt.
<GanttCharts/GRP_GanttGraph_Expanded_P2.png, id=737, 1163.0953pt x 855.94781pt>
File: GanttCharts/GRP_GanttGraph_Expanded_P2.png Graphic file (type png)
<use GanttCharts/GRP_GanttGraph_Expanded_P2.png>
Package pdftex.def Info: GanttCharts/GRP_GanttGraph_Expanded_P2.png  used on input line 761.
(pdftex.def)             Requested size: 452.9679pt x 333.34811pt.
<GanttCharts/GRP_GanttGraph_Expanded_P3.png, id=738, 1516.16437pt x 945.5325pt>
File: GanttCharts/GRP_GanttGraph_Expanded_P3.png Graphic file (type png)
<use GanttCharts/GRP_GanttGraph_Expanded_P3.png>
Package pdftex.def Info: GanttCharts/GRP_GanttGraph_Expanded_P3.png  used on input line 765.
(pdftex.def)             Requested size: 452.9679pt x 282.47887pt.


[46


 <./GanttCharts/GRP_GanttGraph_Expanded_P1.png>]
<GanttCharts/GRP_GanttGraph_Expanded_P4.png, id=744, 1748.78343pt x 834.86906pt>
File: GanttCharts/GRP_GanttGraph_Expanded_P4.png Graphic file (type png)
<use GanttCharts/GRP_GanttGraph_Expanded_P4.png>
Package pdftex.def Info: GanttCharts/GRP_GanttGraph_Expanded_P4.png  used on input line 769.
(pdftex.def)             Requested size: 452.9679pt x 216.24553pt.


[47 <./GanttCharts/GRP_GanttGraph_Expanded_P2.png> <./GanttCharts/GRP_GanttGraph_Expanded_P3.png>]

[48 <./GanttCharts/GRP_GanttGraph_Expanded_P4.png>]
Appendix B.
<Minutes/Minutes_1-cropped-1.png, id=757, 459.99855pt x 668.4975pt>
File: Minutes/Minutes_1-cropped-1.png Graphic file (type png)
<use Minutes/Minutes_1-cropped-1.png>
Package pdftex.def Info: Minutes/Minutes_1-cropped-1.png  used on input line 775.
(pdftex.def)             Requested size: 317.07614pt x 460.81496pt.


[49

 <./Minutes/Minutes_1-cropped-1.png>]
<Minutes/Minutes_1-cropped-2.png, id=763, 446.98994pt x 669.58154pt>
File: Minutes/Minutes_1-cropped-2.png Graphic file (type png)
<use Minutes/Minutes_1-cropped-2.png>
Package pdftex.def Info: Minutes/Minutes_1-cropped-2.png  used on input line 780.
(pdftex.def)             Requested size: 452.9679pt x 678.56062pt.


[50 <./Minutes/Minutes_1-cropped-2.png>]
<Minutes/Minutes_1-cropped-3.png, id=769, 452.77155pt x 698.8509pt>
File: Minutes/Minutes_1-cropped-3.png Graphic file (type png)
<use Minutes/Minutes_1-cropped-3.png>
Package pdftex.def Info: Minutes/Minutes_1-cropped-3.png  used on input line 785.
(pdftex.def)             Requested size: 452.9679pt x 699.17976pt.


[51 <./Minutes/Minutes_1-cropped-3.png>]
<Minutes/Minutes_1-cropped-4.png, id=775, 459.99855pt x 653.68214pt>
File: Minutes/Minutes_1-cropped-4.png Graphic file (type png)
<use Minutes/Minutes_1-cropped-4.png>
Package pdftex.def Info: Minutes/Minutes_1-cropped-4.png  used on input line 790.
(pdftex.def)             Requested size: 452.9679pt x 643.7261pt.
<Minutes/Minutes_2-cropped-1.png, id=776, 459.99855pt x 658.74104pt>
File: Minutes/Minutes_2-cropped-1.png Graphic file (type png)
<use Minutes/Minutes_2-cropped-1.png>
Package pdftex.def Info: Minutes/Minutes_2-cropped-1.png  used on input line 795.
(pdftex.def)             Requested size: 452.9679pt x 648.70796pt.


[52 <./Minutes/Minutes_1-cropped-4.png>]

[53 <./Minutes/Minutes_2-cropped-1.png>]
<Minutes/Minutes_2-cropped-2.png, id=787, 459.99855pt x 687.64905pt>
File: Minutes/Minutes_2-cropped-2.png Graphic file (type png)
<use Minutes/Minutes_2-cropped-2.png>
Package pdftex.def Info: Minutes/Minutes_2-cropped-2.png  used on input line 800.
(pdftex.def)             Requested size: 452.9679pt x 677.17566pt.


[54 <./Minutes/Minutes_2-cropped-2.png>]
<Minutes/Minutes_2-cropped-3.png, id=794, 448.7967pt x 54.2025pt>
File: Minutes/Minutes_2-cropped-3.png Graphic file (type png)
<use Minutes/Minutes_2-cropped-3.png>
Package pdftex.def Info: Minutes/Minutes_2-cropped-3.png  used on input line 805.
(pdftex.def)             Requested size: 452.9679pt x 54.70769pt.
<Minutes/Minutes_3-cropped-1.png, id=795, 459.99855pt x 660.5478pt>
File: Minutes/Minutes_3-cropped-1.png Graphic file (type png)
<use Minutes/Minutes_3-cropped-1.png>
Package pdftex.def Info: Minutes/Minutes_3-cropped-1.png  used on input line 810.
(pdftex.def)             Requested size: 452.9679pt x 650.4872pt.


[55 <./Minutes/Minutes_2-cropped-3.png>]

[56 <./Minutes/Minutes_3-cropped-1.png>]
<Minutes/Minutes_3-cropped-2.png, id=806, 446.98994pt x 678.6153pt>
File: Minutes/Minutes_3-cropped-2.png Graphic file (type png)
<use Minutes/Minutes_3-cropped-2.png>
Package pdftex.def Info: Minutes/Minutes_3-cropped-2.png  used on input line 815.
(pdftex.def)             Requested size: 452.9679pt x 687.71553pt.


[57 <./Minutes/Minutes_3-cropped-2.png>]
<Minutes/Minutes_3-cropped-3.png, id=812, 446.98994pt x 675.7245pt>
File: Minutes/Minutes_3-cropped-3.png Graphic file (type png)
<use Minutes/Minutes_3-cropped-3.png>
Package pdftex.def Info: Minutes/Minutes_3-cropped-3.png  used on input line 820.
(pdftex.def)             Requested size: 452.9679pt x 684.78596pt.


[58 <./Minutes/Minutes_3-cropped-3.png>]
<Minutes/Minutes_3-cropped-4.png, id=818, 452.77155pt x 666.69075pt>
File: Minutes/Minutes_3-cropped-4.png Graphic file (type png)
<use Minutes/Minutes_3-cropped-4.png>
Package pdftex.def Info: Minutes/Minutes_3-cropped-4.png  used on input line 825.
(pdftex.def)             Requested size: 452.9679pt x 667.00447pt.


[59 <./Minutes/Minutes_3-cropped-4.png>]
<Minutes/Minutes_3-cropped-5.png, id=824, 459.99855pt x 350.5095pt>
File: Minutes/Minutes_3-cropped-5.png Graphic file (type png)
<use Minutes/Minutes_3-cropped-5.png>
Package pdftex.def Info: Minutes/Minutes_3-cropped-5.png  used on input line 830.
(pdftex.def)             Requested size: 452.9679pt x 345.171pt.
<Minutes/Minutes_4-cropped-1.png, id=825, 459.99855pt x 642.4803pt>
File: Minutes/Minutes_4-cropped-1.png Graphic file (type png)
<use Minutes/Minutes_4-cropped-1.png>
Package pdftex.def Info: Minutes/Minutes_4-cropped-1.png  used on input line 836.
(pdftex.def)             Requested size: 452.9679pt x 632.69489pt.


[60 <./Minutes/Minutes_3-cropped-5.png>]

[61 <./Minutes/Minutes_4-cropped-1.png>]
<Minutes/Minutes_4-cropped-2.png, id=837, 446.98994pt x 681.86745pt>
File: Minutes/Minutes_4-cropped-2.png Graphic file (type png)
<use Minutes/Minutes_4-cropped-2.png>
Package pdftex.def Info: Minutes/Minutes_4-cropped-2.png  used on input line 841.
(pdftex.def)             Requested size: 452.9679pt x 691.01129pt.


[62 <./Minutes/Minutes_4-cropped-2.png>]
<Minutes/Minutes_4-cropped-3.png, id=843, 459.99855pt x 658.74104pt>
File: Minutes/Minutes_4-cropped-3.png Graphic file (type png)
<use Minutes/Minutes_4-cropped-3.png>
Package pdftex.def Info: Minutes/Minutes_4-cropped-3.png  used on input line 846.
(pdftex.def)             Requested size: 452.9679pt x 648.70796pt.


[63 <./Minutes/Minutes_4-cropped-3.png>]
<Minutes/Minutes_4-cropped-4.png, id=849, 446.98994pt x 126.4725pt>
File: Minutes/Minutes_4-cropped-4.png Graphic file (type png)
<use Minutes/Minutes_4-cropped-4.png>
Package pdftex.def Info: Minutes/Minutes_4-cropped-4.png  used on input line 851.
(pdftex.def)             Requested size: 452.9679pt x 128.16849pt.
<Minutes/Minutes_5-cropped-1.png, id=850, 459.99855pt x 651.51405pt>
File: Minutes/Minutes_5-cropped-1.png Graphic file (type png)
<use Minutes/Minutes_5-cropped-1.png>
Package pdftex.def Info: Minutes/Minutes_5-cropped-1.png  used on input line 856.
(pdftex.def)             Requested size: 452.9679pt x 641.59105pt.


[64 <./Minutes/Minutes_4-cropped-4.png>]

[65 <./Minutes/Minutes_5-cropped-1.png>]
<Minutes/Minutes_5-cropped-2.png, id=861, 459.99855pt x 609.59744pt>
File: Minutes/Minutes_5-cropped-2.png Graphic file (type png)
<use Minutes/Minutes_5-cropped-2.png>
Package pdftex.def Info: Minutes/Minutes_5-cropped-2.png  used on input line 861.
(pdftex.def)             Requested size: 452.9679pt x 600.31285pt.
<Minutes/Minutes_6-cropped-1.png, id=862, 459.99855pt x 679.69936pt>
File: Minutes/Minutes_6-cropped-1.png Graphic file (type png)
<use Minutes/Minutes_6-cropped-1.png>
Package pdftex.def Info: Minutes/Minutes_6-cropped-1.png  used on input line 866.
(pdftex.def)             Requested size: 407.66833pt x 602.41028pt.


[66 <./Minutes/Minutes_5-cropped-2.png>]

[67 <./Minutes/Minutes_6-cropped-1.png>]
<Minutes/Minutes_6-cropped-2.png, id=874, 459.99855pt x 684.75826pt>
File: Minutes/Minutes_6-cropped-2.png Graphic file (type png)
<use Minutes/Minutes_6-cropped-2.png>
Package pdftex.def Info: Minutes/Minutes_6-cropped-2.png  used on input line 871.
(pdftex.def)             Requested size: 452.9679pt x 674.32892pt.


[68 <./Minutes/Minutes_6-cropped-2.png>]
<Minutes/Minutes_6-cropped-3.png, id=880, 448.7967pt x 129.72466pt>
File: Minutes/Minutes_6-cropped-3.png Graphic file (type png)
<use Minutes/Minutes_6-cropped-3.png>
Package pdftex.def Info: Minutes/Minutes_6-cropped-3.png  used on input line 876.
(pdftex.def)             Requested size: 452.9679pt x 130.93375pt.
<Minutes/Minutes_7-cropped-1.png, id=881, 459.99855pt x 677.53125pt>
File: Minutes/Minutes_7-cropped-1.png Graphic file (type png)
<use Minutes/Minutes_7-cropped-1.png>
Package pdftex.def Info: Minutes/Minutes_7-cropped-1.png  used on input line 881.
(pdftex.def)             Requested size: 407.66833pt x 600.48871pt.


[69 <./Minutes/Minutes_6-cropped-3.png>]

[70 <./Minutes/Minutes_7-cropped-1.png>]
<Minutes/Minutes_7-cropped-2.png, id=892, 459.99855pt x 483.84766pt>
File: Minutes/Minutes_7-cropped-2.png Graphic file (type png)
<use Minutes/Minutes_7-cropped-2.png>
Package pdftex.def Info: Minutes/Minutes_7-cropped-2.png  used on input line 886.
(pdftex.def)             Requested size: 452.9679pt x 476.47832pt.


[71 <./Minutes/Minutes_7-cropped-2.png>] (main.aux)
 ***********
LaTeX2e <2024-11-01>
L3 programming layer <2024-10-09>
 ***********
Package rerunfilecheck Info: File `main.out' has not changed.
(rerunfilecheck)             Checksum: 247E76B5C4D0814FCEF5B1D3DA39F79F;7590.
 ) 
Here is how much of TeX's memory you used:
 14989 strings out of 473702
 257426 string characters out of 5719438
 677161 words of memory out of 5000000
 37588 multiletter control sequences out of 15000+600000
 566839 words of font info for 66 fonts, out of 8000000 for 9000
 1141 hyphenation exceptions out of 8191
 94i,13n,93p,1505b,713s stack positions out of 10000i,1000n,20000p,200000b,200000s
 <C:\Users\Alvin\AppData\Local\MiKTeX\fonts/pk/ljfour/jknappen/ec/dpi600\tcrm1200.pk><C:/Users/Alvin/AppData/Local/Programs/MiKTeX/fonts/type1/public/amsfonts/cm/cmbx12.pfb><C:/Users/Alvin/AppData/Local/Programs/MiKTeX/fonts/type1/public/amsfonts/cm/cmr12.pfb><C:/Users/Alvin/AppData/Local/Programs/MiKTeX/fonts/type1/public/amsfonts/cm/cmr17.pfb><C:/Users/Alvin/AppData/Local/Programs/MiKTeX/fonts/type1/public/amsfonts/cm/cmti12.pfb><C:/Users/Alvin/AppData/Local/Programs/MiKTeX/fonts/type1/arphic/gbsnu/gbsnu53.pfb><C:/Users/Alvin/AppData/Local/Programs/MiKTeX/fonts/type1/arphic/gbsnu/gbsnu65.pfb><C:/Users/Alvin/AppData/Local/Programs/MiKTeX/fonts/type1/arphic/gbsnu/gbsnu8b.pfb>
Output written on main.pdf (72 pages, 9278952 bytes).
PDF statistics:
 979 PDF objects out of 1000 (max. 8388607)
 213 named destinations out of 1000 (max. 500000)
 826 words of extra memory for PDF output out of 10000 (max. 10000000)

